// 重构日志: a073b0b2
// 重构日志: ad920fc3
// 重构日志: 7ab41f05
// 重构日志: 12021173
// 同步 ID: 940a071f @ Sun Jul 12 14:11:01 UTC 2026
// 同步 ID: 2aab3d91 @ Sun Jul 12 22:05:42 UTC 2026
// 重构日志: 96e87922
// 重构日志: 15eb182f
// 重构日志: c681aa31
// 重构日志: 58a2792b
// 重构日志: d20b96d3
// 重构日志: f86e86c6
// 重构日志: 7f4acc21
// 同步 ID: 8a886aae @ Thu Jul 16 07:07:07 UTC 2026
// 重构日志: 4d2689fa
// 重构日志: ea33aa20
// 同步 ID: 8bba0747 @ Sat Jul 18 10:26:00 UTC 2026
// 重构日志: edff3db0
// 同步 ID: 594f40a0 @ Mon Jul 20 04:57:26 UTC 2026
// 同步 ID: 099ade40 @ Mon Jul 20 13:31:25 UTC 2026
// 重构日志: 6f764f8d
// 同步 ID: 8ee001e7 @ Tue Jul 21 07:05:31 UTC 2026
// 重构日志: fb62c7f4
// 重构日志: 15fb76b0
// 重构日志: 91043336
// 重构日志: 82b58a0d
// 重构日志: c53b00e1
// 重构日志: bc3591a8
// 重构日志: 1bb6d81b
// 同步 ID: 657e9efa @ Fri Jul 24 00:23:11 UTC 2026
